0 info it worked if it ends with ok
1 verbose cli [ '/usr/local/bin/node',
1 verbose cli   '/usr/local/bin/npm',
1 verbose cli   'install',
1 verbose cli   '/Users/8398/Desktop/MutualFund/myapp/app.js' ]
2 info using npm@3.9.5
3 info using node@v6.2.2
4 silly loadCurrentTree Starting
5 silly install loadCurrentTree
6 silly install readLocalPackageData
7 silly fetchPackageMetaData /Users/8398/Desktop/MutualFund/myapp/app.js
8 silly fetchOtherPackageData /Users/8398/Desktop/MutualFund/myapp/app.js
9 silly cache add args [ '/Users/8398/Desktop/MutualFund/myapp/app.js', null ]
10 verbose cache add spec /Users/8398/Desktop/MutualFund/myapp/app.js
11 silly cache add parsed spec Result {
11 silly cache add   raw: '/Users/8398/Desktop/MutualFund/myapp/app.js',
11 silly cache add   scope: null,
11 silly cache add   name: null,
11 silly cache add   rawSpec: '/Users/8398/Desktop/MutualFund/myapp/app.js',
11 silly cache add   spec: '/Users/8398/Desktop/MutualFund/myapp/app.js',
11 silly cache add   type: 'local' }
12 silly addLocalTarball shasum (computed) 6276b7bcde2e399e56bea85bbd4f3cb53dd66ddf
13 verbose addTmpTarball /Users/8398/Desktop/MutualFund/myapp/app.js not in flight; adding
14 verbose correctMkdir /Users/8398/.npm correctMkdir not in flight; initializing
15 verbose addTmpTarball validating metadata from /Users/8398/Desktop/MutualFund/myapp/app.js
16 verbose tar unpack /Users/8398/Desktop/MutualFund/myapp/app.js
17 verbose tar unpacking to /var/folders/82/5vlh7lxn3hsg77nrgdmx4h8108qff0/T/npm-39181-68ee20db/unpack-83f538dd
18 silly gentlyRm /var/folders/82/5vlh7lxn3hsg77nrgdmx4h8108qff0/T/npm-39181-68ee20db/unpack-83f538dd is being purged
19 verbose gentlyRm don't care about contents; nuking /var/folders/82/5vlh7lxn3hsg77nrgdmx4h8108qff0/T/npm-39181-68ee20db/unpack-83f538dd
20 silly gunzTarPerm modes [ '755', '644' ]
21 error not a package /Users/8398/Desktop/MutualFund/myapp/app.js
22 error addLocal Could not install /Users/8398/Desktop/MutualFund/myapp/app.js
23 silly fetchPackageMetaData Error: ENOENT: no such file or directory, open '/var/folders/82/5vlh7lxn3hsg77nrgdmx4h8108qff0/T/npm-39181-68ee20db/unpack-83f538dd/package.json'
23 silly fetchPackageMetaData     at Error (native)
23 silly fetchPackageMetaData  error for /Users/8398/Desktop/MutualFund/myapp/app.js { Error: ENOENT: no such file or directory, open '/var/folders/82/5vlh7lxn3hsg77nrgdmx4h8108qff0/T/npm-39181-68ee20db/unpack-83f538dd/package.json'
23 silly fetchPackageMetaData     at Error (native)
23 silly fetchPackageMetaData   errno: -2,
23 silly fetchPackageMetaData   code: 'ENOENT',
23 silly fetchPackageMetaData   syscall: 'open',
23 silly fetchPackageMetaData   path: '/var/folders/82/5vlh7lxn3hsg77nrgdmx4h8108qff0/T/npm-39181-68ee20db/unpack-83f538dd/package.json' }
24 silly rollbackFailedOptional Starting
25 silly rollbackFailedOptional Finishing
26 silly runTopLevelLifecycles Starting
27 silly runTopLevelLifecycles Finishing
28 silly install printInstalled
29 verbose stack Error: ENOENT: no such file or directory, open '/var/folders/82/5vlh7lxn3hsg77nrgdmx4h8108qff0/T/npm-39181-68ee20db/unpack-83f538dd/package.json'
29 verbose stack     at Error (native)
30 verbose cwd /Users/8398/Desktop/MutualFund/myapp
31 error Darwin 14.1.0
32 error argv "/usr/local/bin/node" "/usr/local/bin/npm" "install" "/Users/8398/Desktop/MutualFund/myapp/app.js"
33 error node v6.2.2
34 error npm  v3.9.5
35 error path /var/folders/82/5vlh7lxn3hsg77nrgdmx4h8108qff0/T/npm-39181-68ee20db/unpack-83f538dd/package.json
36 error code ENOENT
37 error errno -2
38 error syscall open
39 error enoent ENOENT: no such file or directory, open '/var/folders/82/5vlh7lxn3hsg77nrgdmx4h8108qff0/T/npm-39181-68ee20db/unpack-83f538dd/package.json'
40 error enoent ENOENT: no such file or directory, open '/var/folders/82/5vlh7lxn3hsg77nrgdmx4h8108qff0/T/npm-39181-68ee20db/unpack-83f538dd/package.json'
40 error enoent This is most likely not a problem with npm itself
40 error enoent and is related to npm not being able to find a file.
41 verbose exit [ -2, true ]
